<?xml version="1.0" encoding="UTF-8"?>
<!-- Generated by org.testng.reporters.JUnitXMLReporter -->
<testsuite ignored="0" hostname="lgvn14742" failures="1" tests="13" name="Default test" time="44.609" errors="0" timestamp="2023-11-28T13:36:46 ICT">
  <testcase classname="Railway.test.BaseTest" name="@BeforeMethod startBrowser" time="13.09">
    <failure type="org.openqa.selenium.SessionNotCreatedException" message="Could not start a new session. Response code 500. Message: Failed to decode response from marionette 
Host info: host: &amp;apos;LGVN14742&amp;apos;, ip: &amp;apos;192.168.172.49&amp;apos;
Build info: version: &amp;apos;4.15.0&amp;apos;, revision: &amp;apos;1d14b5521b&amp;apos;
System info: os.name: &amp;apos;Windows 10&amp;apos;, os.arch: &amp;apos;amd64&amp;apos;, os.version: &amp;apos;10.0&amp;apos;, java.version: &amp;apos;20.0.2&amp;apos;
Driver info: org.openqa.selenium.firefox.FirefoxDriver
Command: [null, newSession {capabilities=[Capabilities {acceptInsecureCerts: true, browserName: firefox, moz:debuggerAddress: true, moz:firefoxOptions: {}}]}]">
      <![CDATA[org.openqa.selenium.SessionNotCreatedException: Could not start a new session. Response code 500. Message: Failed to decode response from marionette 
Host info: host: 'LGVN14742', ip: '192.168.172.49'
Build info: version: '4.15.0', revision: '1d14b5521b'
System info: os.name: 'Windows 10', os.arch: 'amd64', os.version: '10.0', java.version: '20.0.2'
Driver info: org.openqa.selenium.firefox.FirefoxDriver
Command: [null, newSession {capabilities=[Capabilities {acceptInsecureCerts: true, browserName: firefox, moz:debuggerAddress: true, moz:firefoxOptions: {}}]}]
at org.openqa.selenium.remote.ProtocolHandshake.createSession(ProtocolHandshake.java:140)
at org.openqa.selenium.remote.ProtocolHandshake.createSession(ProtocolHandshake.java:96)
at org.openqa.selenium.remote.ProtocolHandshake.createSession(ProtocolHandshake.java:68)
at org.openqa.selenium.remote.HttpCommandExecutor.execute(HttpCommandExecutor.java:163)
at org.openqa.selenium.remote.service.DriverCommandExecutor.invokeExecute(DriverCommandExecutor.java:200)
at org.openqa.selenium.remote.service.DriverCommandExecutor.execute(DriverCommandExecutor.java:175)
at org.openqa.selenium.remote.RemoteWebDriver.execute(RemoteWebDriver.java:607)
at org.openqa.selenium.remote.RemoteWebDriver.startSession(RemoteWebDriver.java:241)
at org.openqa.selenium.remote.RemoteWebDriver.<init>(RemoteWebDriver.java:168)
at org.openqa.selenium.firefox.FirefoxDriver.<init>(FirefoxDriver.java:157)
at org.openqa.selenium.firefox.FirefoxDriver.<init>(FirefoxDriver.java:152)
at org.openqa.selenium.firefox.FirefoxDriver.<init>(FirefoxDriver.java:133)
at org.openqa.selenium.firefox.FirefoxDriver.<init>(FirefoxDriver.java:128)
at org.openqa.selenium.firefox.FirefoxDriver.<init>(FirefoxDriver.java:113)
at org.openqa.selenium.firefox.FirefoxDriver.<init>(FirefoxDriver.java:103)
at Railway.Configs.actStartAUT(Configs.java:41)
at Railway.test.BaseTest.startBrowser(BaseTest.java:11)
at java.base/jdk.internal.reflect.DirectMethodHandleAccessor.invoke(DirectMethodHandleAccessor.java:104)
at java.base/java.lang.reflect.Method.invoke(Method.java:578)
at org.testng.internal.MethodInvocationHelper.invokeMethod(MethodInvocationHelper.java:133)
at org.testng.internal.MethodInvocationHelper.invokeMethodConsideringTimeout(MethodInvocationHelper.java:62)
at org.testng.internal.ConfigInvoker.invokeConfigurationMethod(ConfigInvoker.java:385)
at org.testng.internal.ConfigInvoker.invokeConfigurations(ConfigInvoker.java:321)
at org.testng.internal.TestInvoker.runConfigMethods(TestInvoker.java:700)
at org.testng.internal.TestInvoker.invokeMethod(TestInvoker.java:527)
at org.testng.internal.TestInvoker.invokeTestMethod(TestInvoker.java:173)
at org.testng.internal.MethodRunner.runInSequence(MethodRunner.java:46)
at org.testng.internal.TestInvoker$MethodInvocationAgent.invoke(TestInvoker.java:824)
at org.testng.internal.TestInvoker.invokeTestMethods(TestInvoker.java:146)
at org.testng.internal.TestMethodWorker.invokeTestMethods(TestMethodWorker.java:146)
at org.testng.internal.TestMethodWorker.run(TestMethodWorker.java:128)
at java.base/java.util.ArrayList.forEach(ArrayList.java:1511)
at org.testng.TestRunner.privateRun(TestRunner.java:794)
at org.testng.TestRunner.run(TestRunner.java:596)
at org.testng.SuiteRunner.runTest(SuiteRunner.java:377)
at org.testng.SuiteRunner.runSequentially(SuiteRunner.java:371)
at org.testng.SuiteRunner.privateRun(SuiteRunner.java:332)
at org.testng.SuiteRunner.run(SuiteRunner.java:276)
at org.testng.SuiteRunnerWorker.runSuite(SuiteRunnerWorker.java:53)
at org.testng.SuiteRunnerWorker.run(SuiteRunnerWorker.java:96)
at org.testng.TestNG.runSuitesSequentially(TestNG.java:1212)
at org.testng.TestNG.runSuitesLocally(TestNG.java:1134)
at org.testng.TestNG.runSuites(TestNG.java:1063)
at org.testng.TestNG.run(TestNG.java:1031)
at org.testng.remote.AbstractRemoteTestNG.run(AbstractRemoteTestNG.java:115)
at org.testng.remote.RemoteTestNG.initAndRun(RemoteTestNG.java:251)
at org.testng.remote.RemoteTestNG.main(RemoteTestNG.java:77)
]]>
    </failure>
  </testcase> <!-- @BeforeMethod startBrowser -->
  <testcase classname="Railway.test.BaseTest" name="@BeforeMethod startBrowser" time="-1.701153405946E9">
    <skipped/>
  </testcase> <!-- @BeforeMethod startBrowser -->
  <testcase classname="Railway.test.BaseTest" name="@BeforeMethod startBrowser" time="-1.701153405964E9">
    <skipped/>
  </testcase> <!-- @BeforeMethod startBrowser -->
  <testcase classname="Railway.test.BaseTest" name="@BeforeMethod startBrowser" time="-1.701153406014E9">
    <skipped/>
  </testcase> <!-- @BeforeMethod startBrowser -->
  <testcase classname="Railway.test.BaseTest" name="@BeforeMethod startBrowser" time="-1.701153406047E9">
    <skipped/>
  </testcase> <!-- @BeforeMethod startBrowser -->
  <testcase classname="Railway.test.BaseTest" name="@BeforeMethod startBrowser" time="-1.701153406071E9">
    <skipped/>
  </testcase> <!-- @BeforeMethod startBrowser -->
  <testcase classname="Railway.test.BaseTest" name="@BeforeMethod startBrowser" time="-1.701153406093E9">
    <skipped/>
  </testcase> <!-- @BeforeMethod startBrowser -->
  <testcase classname="Railway.test.BaseTest" name="@BeforeMethod startBrowser" time="-1.701153406112E9">
    <skipped/>
  </testcase> <!-- @BeforeMethod startBrowser -->
  <testcase classname="Railway.test.BaseTest" name="@BeforeMethod startBrowser" time="-1.701153406149E9">
    <skipped/>
  </testcase> <!-- @BeforeMethod startBrowser -->
  <testcase classname="Railway.test.BaseTest" name="@BeforeMethod startBrowser" time="-1.701153406177E9">
    <skipped/>
  </testcase> <!-- @BeforeMethod startBrowser -->
  <testcase classname="Railway.test.Exercise" name="TC01" time="2.514"/>
  <testcase classname="Railway.test.Exercise" name="TC02" time="1.882"/>
  <testcase classname="Railway.test.Exercise" name="TC03" time="1.991">
    <failure type="java.lang.AssertionError" message="The message is: &amp;apos;Invalid username or password. Please try again.&amp;apos; expected [There was a problem with your login and/or errors exist in your form.] but found [Invalid username or password. Please try again.]">
      <![CDATA[java.lang.AssertionError: The message is: 'Invalid username or password. Please try again.' expected [There was a problem with your login and/or errors exist in your form.] but found [Invalid username or password. Please try again.]
at org.testng.Assert.fail(Assert.java:99)
at org.testng.Assert.failNotEquals(Assert.java:1037)
at org.testng.Assert.assertEqualsImpl(Assert.java:140)
at org.testng.Assert.assertEquals(Assert.java:122)
at org.testng.Assert.assertEquals(Assert.java:629)
at Railway.pages.loginPage.actCheckMessage(loginPage.java:47)
at Railway.test.Exercise.TC03(Exercise.java:73)
at java.base/jdk.internal.reflect.DirectMethodHandleAccessor.invoke(DirectMethodHandleAccessor.java:104)
at java.base/java.lang.reflect.Method.invoke(Method.java:578)
at org.testng.internal.MethodInvocationHelper.invokeMethod(MethodInvocationHelper.java:133)
at org.testng.internal.TestInvoker.invokeMethod(TestInvoker.java:598)
at org.testng.internal.TestInvoker.invokeTestMethod(TestInvoker.java:173)
at org.testng.internal.MethodRunner.runInSequence(MethodRunner.java:46)
at org.testng.internal.TestInvoker$MethodInvocationAgent.invoke(TestInvoker.java:824)
at org.testng.internal.TestInvoker.invokeTestMethods(TestInvoker.java:146)
at org.testng.internal.TestMethodWorker.invokeTestMethods(TestMethodWorker.java:146)
at org.testng.internal.TestMethodWorker.run(TestMethodWorker.java:128)
at java.base/java.util.ArrayList.forEach(ArrayList.java:1511)
at org.testng.TestRunner.privateRun(TestRunner.java:794)
at org.testng.TestRunner.run(TestRunner.java:596)
at org.testng.SuiteRunner.runTest(SuiteRunner.java:377)
at org.testng.SuiteRunner.runSequentially(SuiteRunner.java:371)
at org.testng.SuiteRunner.privateRun(SuiteRunner.java:332)
at org.testng.SuiteRunner.run(SuiteRunner.java:276)
at org.testng.SuiteRunnerWorker.runSuite(SuiteRunnerWorker.java:53)
at org.testng.SuiteRunnerWorker.run(SuiteRunnerWorker.java:96)
at org.testng.TestNG.runSuitesSequentially(TestNG.java:1212)
at org.testng.TestNG.runSuitesLocally(TestNG.java:1134)
at org.testng.TestNG.runSuites(TestNG.java:1063)
at org.testng.TestNG.run(TestNG.java:1031)
at org.testng.remote.AbstractRemoteTestNG.run(AbstractRemoteTestNG.java:115)
at org.testng.remote.RemoteTestNG.initAndRun(RemoteTestNG.java:251)
at org.testng.remote.RemoteTestNG.main(RemoteTestNG.java:77)
]]>
    </failure>
  </testcase> <!-- TC03 -->
  <testcase classname="Railway.test.Exercise" name="TC05" time="0.0">
    <skipped/>
  </testcase> <!-- TC05 -->
  <testcase classname="Railway.test.Exercise" name="TC06" time="0.0">
    <skipped/>
  </testcase> <!-- TC06 -->
  <testcase classname="Railway.test.Exercise" name="TC07" time="0.0">
    <skipped/>
  </testcase> <!-- TC07 -->
  <testcase classname="Railway.test.Exercise" name="TC08" time="0.0">
    <skipped/>
  </testcase> <!-- TC08 -->
  <testcase classname="Railway.test.Exercise" name="TC09" time="0.0">
    <skipped/>
  </testcase> <!-- TC09 -->
  <testcase classname="Railway.test.Exercise" name="TC10" time="0.0">
    <skipped/>
  </testcase> <!-- TC10 -->
  <testcase classname="Railway.test.Exercise" name="TC11" time="0.0">
    <skipped/>
  </testcase> <!-- TC11 -->
  <testcase classname="Railway.test.Exercise" name="TC12" time="0.0">
    <skipped/>
  </testcase> <!-- TC12 -->
  <testcase classname="Railway.test.Exercise" name="TC13" time="0.0">
    <skipped/>
  </testcase> <!-- TC13 -->
  <testcase classname="Railway.test.Exercise" name="TC14" time="0.0">
    <skipped/>
  </testcase> <!-- TC14 -->
</testsuite> <!-- Default test -->
