<?xml version="1.0" encoding="UTF-8"?>
<!-- Generated by org.testng.reporters.JUnitXMLReporter -->
<testsuite ignored="0" hostname="lgvn14742" failures="2" tests="15" name="Test1" time="220.146" errors="0" timestamp="2023-12-01T13:26:57 ICT">
  <testcase classname="Railway.test.Exercise" name="TC01" time="2.596"/>
  <testcase classname="Railway.test.Exercise" name="TC02" time="1.768"/>
  <testcase classname="Railway.test.Exercise" name="TC03" time="3.106">
    <failure type="java.lang.AssertionError" message="The message is: &amp;apos;Invalid username or password. Please try again.&amp;apos; expected [There was a problem with your login and/or errors exist in your form.] but found [Invalid username or password. Please try again.]">
      <![CDATA[java.lang.AssertionError: The message is: 'Invalid username or password. Please try again.' expected [There was a problem with your login and/or errors exist in your form.] but found [Invalid username or password. Please try again.]
at Railway.pages.loginPage.actCheckMessage(loginPage.java:47)
at Railway.test.Exercise.TC03(Exercise.java:76)
at java.base/java.util.ArrayList.forEach(ArrayList.java:1511)
... Removed 30 stack frames]]>
    </failure>
  </testcase> <!-- TC03 -->
  <testcase classname="Railway.test.Exercise" name="TC05" time="1.882"/>
  <testcase classname="Railway.test.Exercise" name="TC06" time="4.203"/>
  <testcase classname="Railway.test.Exercise" name="TC07" time="2.192"/>
  <testcase classname="Railway.test.Exercise" name="TC08" time="3.195"/>
  <testcase classname="Railway.test.Exercise" name="TC09" time="28.818"/>
  <testcase classname="Railway.test.Exercise" name="TC10" time="53.274">
    <failure type="org.openqa.selenium.TimeoutException" message="Expected condition failed: waiting for visibility of element located by By.xpath: //p[@class=&amp;apos;message error&amp;apos;] (tried for 30 second(s) with 500 milliseconds interval)
Build info: version: &amp;apos;4.15.0&amp;apos;, revision: &amp;apos;1d14b5521b&amp;apos;
System info: os.name: &amp;apos;Windows 10&amp;apos;, os.arch: &amp;apos;amd64&amp;apos;, os.version: &amp;apos;10.0&amp;apos;, java.version: &amp;apos;20.0.2&amp;apos;
Driver info: org.openqa.selenium.chrome.ChromeDriver
Capabilities {acceptInsecureCerts: false, browserName: chrome, browserVersion: 119.0.6045.160, chrome: {chromedriverVersion: 119.0.6045.105 (38c72552c5e..., userDataDir: C:\Users\phung.bui\AppData\...}, fedcm:accounts: true, goog:chromeOptions: {debuggerAddress: localhost:51824}, networkConnectionEnabled: false, pageLoadStrategy: normal, platformName: windows, proxy: Proxy(), se:cdp: ws://localhost:51824/devtoo..., se:cdpVersion: 119.0.6045.160, setWindowRect: true, strictFileInteractability: false, timeouts: {implicit: 0, pageLoad: 300000, script: 30000}, unhandledPromptBehavior: dismiss and notify, webauthn:extension:credBlob: true, webauthn:extension:largeBlob: true, webauthn:extension:minPinLength: true, webauthn:extension:prf: true, webauthn:virtualAuthenticators: true}
Session ID: 638b7cb49e07468100939f5e51b774d6">
      <![CDATA[org.openqa.selenium.TimeoutException: Expected condition failed: waiting for visibility of element located by By.xpath: //p[@class='message error'] (tried for 30 second(s) with 500 milliseconds interval)
Build info: version: '4.15.0', revision: '1d14b5521b'
System info: os.name: 'Windows 10', os.arch: 'amd64', os.version: '10.0', java.version: '20.0.2'
Driver info: org.openqa.selenium.chrome.ChromeDriver
Capabilities {acceptInsecureCerts: false, browserName: chrome, browserVersion: 119.0.6045.160, chrome: {chromedriverVersion: 119.0.6045.105 (38c72552c5e..., userDataDir: C:\Users\phung.bui\AppData\...}, fedcm:accounts: true, goog:chromeOptions: {debuggerAddress: localhost:51824}, networkConnectionEnabled: false, pageLoadStrategy: normal, platformName: windows, proxy: Proxy(), se:cdp: ws://localhost:51824/devtoo..., se:cdpVersion: 119.0.6045.160, setWindowRect: true, strictFileInteractability: false, timeouts: {implicit: 0, pageLoad: 300000, script: 30000}, unhandledPromptBehavior: dismiss and notify, webauthn:extension:credBlob: true, webauthn:extension:largeBlob: true, webauthn:extension:minPinLength: true, webauthn:extension:prf: true, webauthn:virtualAuthenticators: true}
Session ID: 638b7cb49e07468100939f5e51b774d6
at org.openqa.selenium.support.ui.WebDriverWait.timeoutException(WebDriverWait.java:84)
at org.openqa.selenium.support.ui.FluentWait.until(FluentWait.java:229)
at Railway.pages.loginPage.actCheckMessage(loginPage.java:43)
at Railway.test.Exercise.TC10(Exercise.java:240)
at java.base/java.util.ArrayList.forEach(ArrayList.java:1511)
... Removed 25 stack frames]]>
    </failure>
  </testcase> <!-- TC10 -->
  <testcase classname="Railway.test.Exercise" name="TC11" time="15.078"/>
  <testcase classname="Railway.test.Exercise" name="TC12" time="5.653"/>
  <testcase classname="Railway.test.Exercise" name="TC13" time="5.16"/>
  <testcase classname="Railway.test.Exercise" name="TC14" time="4.114"/>
  <testcase classname="Railway.test.Exercise" name="TC15" time="5.312"/>
  <testcase classname="Railway.test.Exercise" name="TC16" time="6.91"/>
</testsuite> <!-- Test1 -->
